Flutter crash report.
Please report a bug at https://github.com/flutter/flutter/issues.

## command

flutter run -d chrome

## exception

WipError: WipError -32000 Cannot find context with specified id

```
```

## flutter doctor

```
[✓] Flutter (Channel master, 1.24.0-8.0.pre.343, on Microsoft Windows [Version 10.0.19042.630], locale en-IN)
    • Flutter version 1.24.0-8.0.pre.343 at D:\flutter
    • Framework revision cf6c33e58a (21 hours ago), 2020-11-21 14:04:01 -0800
    • Engine revision 23a8e027db
    • Dart version 2.12.0 (build 2.12.0-62.0.dev)

[!] Android toolchain - develop for Android devices (Android SDK version 30.0.1)
    • Android SDK at C:\Users\shubh\AppData\Local\Android\sdk
    • Platform android-30, build-tools 30.0.1
    • Java binary at: C:\Program Files\Android\Android Studio\jre\bin\java
    • Java version OpenJDK Runtime Environment (build 1.8.0_242-release-1644-b01)
    ! Some Android licenses not accepted.  To resolve this, run: flutter doctor --android-licenses

[✓] Chrome - develop for the web
    • Chrome at C:\Program Files (x86)\Google\Chrome\Application\chrome.exe

[✓] Android Studio (version 4.0)
    • Android Studio at C:\Program Files\Android\Android Studio
    • Flutter plugin version 48.0.2
    • Dart plugin version 193.7361
    • Java version OpenJDK Runtime Environment (build 1.8.0_242-release-1644-b01)

[✓] VS Code (version 1.51.1)
    • VS Code at C:\Users\shubh\AppData\Local\Programs\Microsoft VS Code
    • Flutter extension can be installed from:
      🔨 https://marketplace.visualstudio.com/items?itemName=Dart-Code.flutter

[✓] Connected device (3 available)
    • Web Server (web) • web-server • web-javascript • Flutter Tools
    • Chrome (web)     • chrome     • web-javascript • Google Chrome 87.0.4280.66
    • Edge (web)       • edge       • web-javascript • Microsoft Edge 87.0.664.41

! Doctor found issues in 1 category.
```
